<?xml version="1.0" encoding="UTF-8"?>
<testsuite name="GuessAnimalTest" tests="1" skipped="0" failures="1" errors="0" timestamp="2022-03-07T16:08:45" hostname="DESKTOP-HNQ0AKR" time="0.69">
  <properties/>
  <testcase name="start" classname="GuessAnimalTest" time="0.69">
    <failure message="java.lang.AssertionError: Wrong answer in test #1&#10;&#10;The program should clarify if the statement is correct for a dog.&#13;&#10;Expected find: &quot;is .+ correct for a dog?&quot;&#13;&#10;Actual data is: &quot;is the statement correct for the dog?&quot;.&#10;&#10;Please find below the output of your program during this failed test.&#10;Note that the '&gt;' character indicates the beginning of the input line.&#10;&#10;---&#10;&#10;Arguments: -type yaml&#10;&#10;stdout:&#10;Scenario 'en' is started.&#10;&#10;Hello!&#10;&#10;I want to learn about animals.&#10;Which animal do you like most?&#10;&gt; cat&#10;Welcome to the animals expert system!&#10;&#10;What do you want to do:&#10;&#10; 1. Play the guessing game&#10; 2. List of all animals&#10; 3. Search for an animal&#10; 4. Calculate statistics&#10; 5. Delete an animal&#10; 6. Print the Knowledge Tree&#10; 0. Exit&#10; &gt; 1&#10;You think of an animal, and I guess it.&#10;Press enter when youre ready.&#10;&gt; &#10;Is it a cat?&#10;&gt; No&#10;I give up. What animal do you have in mind?&#10;&gt; dog&#10;Specify a fact that distinguishes a dog from a cat:&#10;The sentence should be of the format: It can/has/is ....&#10;&gt; it can climb trees&#10;Is the statement correct for the dog?&#10;&#10;stderr:&#10;Mar 07, 2022 5:08:45 PM animals.repository.KnowledgeBaseJackson load&#10;WARNING: The knowledge Tree has not been loaded.&#10;java.io.FileNotFoundException: animals.yaml (The system cannot find the file specified)&#10;&#9;at java.base/java.io.FileInputStream.open0(Native Method)&#10;&#9;at java.base/java.io.FileInputStream.open(FileInputStream.java:216)&#10;&#9;at java.base/java.io.FileInputStream.&lt;init&gt;(FileInputStream.java:157)&#10;&#9;at com.fasterxml.jackson.dataformat.yaml.YAMLFactory.createParser(YAMLFactory.java:343)&#10;&#9;at com.fasterxml.jackson.dataformat.yaml.YAMLFactory.createParser(YAMLFactory.java:14)&#10;&#9;at com.fasterxml.jackson.databind.ObjectMapper.readValue(ObjectMapper.java:3331)&#10;&#9;at animals.repository.KnowledgeBaseJackson.load(KnowledgeBaseJackson.java:27)&#10;&#9;at animals.ui.Application.&lt;init&gt;(Application.java:19)&#10;&#9;at animals.Main.main(Main.java:24)&#10;&#9;at java.base/jdk.internal.reflect.NativeMethodAccessorImpl.invoke0(Native Method)&#10;&#9;at java.base/jdk.internal.reflect.NativeMethodAccessorImpl.invoke(NativeMethodAccessorImpl.java:77)&#10;&#9;at java.base/jdk.internal.reflect.DelegatingMethodAccessorImpl.invoke(DelegatingMethodAccessorImpl.java:43)&#10;&#9;at java.base/java.lang.reflect.Method.invoke(Method.java:568)&#10;&#9;at org.hyperskill.hstest.testing.execution.MainMethodExecutor.invokeMain(MainMethodExecutor.java:172)&#10;&#9;at org.hyperskill.hstest.testing.execution.MainMethodExecutor.lambda$launch$0(MainMethodExecutor.java:199)&#10;&#9;at java.base/java.util.concurrent.Executors$RunnableAdapter.call(Executors.java:539)&#10;&#9;at java.base/java.util.concurrent.FutureTask.run(FutureTask.java:264)&#10;&#9;at java.base/java.util.concurrent.ThreadPoolExecutor.runWorker(ThreadPoolExecutor.java:1136)&#10;&#9;at java.base/java.util.concurrent.ThreadPoolExecutor$Worker.run(ThreadPoolExecutor.java:635)&#10;&#9;at java.base/java.lang.Thread.run(Thread.java:833)&#10;&#10;Mar 07, 2022 5:08:45 PM animals.repository.KnowledgeBaseJackson load&#10;INFO: The Knowledge Tree has loaded successful." type="java.lang.AssertionError">java.lang.AssertionError: Wrong answer in test #1

The program should clarify if the statement is correct for a dog.
Expected find: &quot;is .+ correct for a dog?&quot;
Actual data is: &quot;is the statement correct for the dog?&quot;.

Please find below the output of your program during this failed test.
Note that the '&gt;' character indicates the beginning of the input line.

---

Arguments: -type yaml

stdout:
Scenario 'en' is started.

Hello!

I want to learn about animals.
Which animal do you like most?
&gt; cat
Welcome to the animals expert system!

What do you want to do:

 1. Play the guessing game
 2. List of all animals
 3. Search for an animal
 4. Calculate statistics
 5. Delete an animal
 6. Print the Knowledge Tree
 0. Exit
 &gt; 1
You think of an animal, and I guess it.
Press enter when youre ready.
&gt; 
Is it a cat?
&gt; No
I give up. What animal do you have in mind?
&gt; dog
Specify a fact that distinguishes a dog from a cat:
The sentence should be of the format: It can/has/is ....
&gt; it can climb trees
Is the statement correct for the dog?

stderr:
Mar 07, 2022 5:08:45 PM animals.repository.KnowledgeBaseJackson load
WARNING: The knowledge Tree has not been loaded.
java.io.FileNotFoundException: animals.yaml (The system cannot find the file specified)
	at java.base/java.io.FileInputStream.open0(Native Method)
	at java.base/java.io.FileInputStream.open(FileInputStream.java:216)
	at java.base/java.io.FileInputStream.&lt;init&gt;(FileInputStream.java:157)
	at com.fasterxml.jackson.dataformat.yaml.YAMLFactory.createParser(YAMLFactory.java:343)
	at com.fasterxml.jackson.dataformat.yaml.YAMLFactory.createParser(YAMLFactory.java:14)
	at com.fasterxml.jackson.databind.ObjectMapper.readValue(ObjectMapper.java:3331)
	at animals.repository.KnowledgeBaseJackson.load(KnowledgeBaseJackson.java:27)
	at animals.ui.Application.&lt;init&gt;(Application.java:19)
	at animals.Main.main(Main.java:24)
	at java.base/jdk.internal.reflect.NativeMethodAccessorImpl.invoke0(Native Method)
	at java.base/jdk.internal.reflect.NativeMethodAccessorImpl.invoke(NativeMethodAccessorImpl.java:77)
	at java.base/jdk.internal.reflect.DelegatingMethodAccessorImpl.invoke(DelegatingMethodAccessorImpl.java:43)
	at java.base/java.lang.reflect.Method.invoke(Method.java:568)
	at org.hyperskill.hstest.testing.execution.MainMethodExecutor.invokeMain(MainMethodExecutor.java:172)
	at org.hyperskill.hstest.testing.execution.MainMethodExecutor.lambda$launch$0(MainMethodExecutor.java:199)
	at java.base/java.util.concurrent.Executors$RunnableAdapter.call(Executors.java:539)
	at java.base/java.util.concurrent.FutureTask.run(FutureTask.java:264)
	at java.base/java.util.concurrent.ThreadPoolExecutor.runWorker(ThreadPoolExecutor.java:1136)
	at java.base/java.util.concurrent.ThreadPoolExecutor$Worker.run(ThreadPoolExecutor.java:635)
	at java.base/java.lang.Thread.run(Thread.java:833)

Mar 07, 2022 5:08:45 PM animals.repository.KnowledgeBaseJackson load
INFO: The Knowledge Tree has loaded successful.
	at org.junit.Assert.fail(Assert.java:88)
	at org.hyperskill.hstest.stage.StageTest.start(StageTest.java:155)
	at java.base/jdk.internal.reflect.NativeMethodAccessorImpl.invoke0(Native Method)
	at java.base/jdk.internal.reflect.NativeMethodAccessorImpl.invoke(NativeMethodAccessorImpl.java:77)
	at java.base/jdk.internal.reflect.DelegatingMethodAccessorImpl.invoke(DelegatingMethodAccessorImpl.java:43)
	at java.base/java.lang.reflect.Method.invoke(Method.java:568)
	at org.junit.runners.model.FrameworkMethod$1.runReflectiveCall(FrameworkMethod.java:50)
	at org.junit.internal.runners.model.ReflectiveCallable.run(ReflectiveCallable.java:12)
	at org.junit.runners.model.FrameworkMethod.invokeExplosively(FrameworkMethod.java:47)
	at org.junit.internal.runners.statements.InvokeMethod.evaluate(InvokeMethod.java:17)
	at org.junit.runners.ParentRunner.runLeaf(ParentRunner.java:325)
	at org.junit.runners.BlockJUnit4ClassRunner.runChild(BlockJUnit4ClassRunner.java:78)
	at org.junit.runners.BlockJUnit4ClassRunner.runChild(BlockJUnit4ClassRunner.java:57)
	at org.junit.runners.ParentRunner$3.run(ParentRunner.java:290)
	at org.junit.runners.ParentRunner$1.schedule(ParentRunner.java:71)
	at org.junit.runners.ParentRunner.runChildren(ParentRunner.java:288)
	at org.junit.runners.ParentRunner.access$000(ParentRunner.java:58)
	at org.junit.runners.ParentRunner$2.evaluate(ParentRunner.java:268)
	at org.junit.runners.ParentRunner.run(ParentRunner.java:363)
	at org.gradle.api.internal.tasks.testing.junit.JUnitTestClassExecutor.runTestClass(JUnitTestClassExecutor.java:110)
	at org.gradle.api.internal.tasks.testing.junit.JUnitTestClassExecutor.execute(JUnitTestClassExecutor.java:58)
	at org.gradle.api.internal.tasks.testing.junit.JUnitTestClassExecutor.execute(JUnitTestClassExecutor.java:38)
	at org.gradle.api.internal.tasks.testing.junit.AbstractJUnitTestClassProcessor.processTestClass(AbstractJUnitTestClassProcessor.java:62)
	at org.gradle.api.internal.tasks.testing.SuiteTestClassProcessor.processTestClass(SuiteTestClassProcessor.java:51)
	at java.base/jdk.internal.reflect.NativeMethodAccessorImpl.invoke0(Native Method)
	at java.base/jdk.internal.reflect.NativeMethodAccessorImpl.invoke(NativeMethodAccessorImpl.java:77)
	at java.base/jdk.internal.reflect.DelegatingMethodAccessorImpl.invoke(DelegatingMethodAccessorImpl.java:43)
	at java.base/java.lang.reflect.Method.invoke(Method.java:568)
	at org.gradle.internal.dispatch.ReflectionDispatch.dispatch(ReflectionDispatch.java:36)
	at org.gradle.internal.dispatch.ReflectionDispatch.dispatch(ReflectionDispatch.java:24)
	at org.gradle.internal.dispatch.ContextClassLoaderDispatch.dispatch(ContextClassLoaderDispatch.java:33)
	at org.gradle.internal.dispatch.ProxyDispatchAdapter$DispatchingInvocationHandler.invoke(ProxyDispatchAdapter.java:94)
	at jdk.proxy1/jdk.proxy1.$Proxy2.processTestClass(Unknown Source)
	at org.gradle.api.internal.tasks.testing.worker.TestWorker$2.run(TestWorker.java:176)
	at org.gradle.api.internal.tasks.testing.worker.TestWorker.executeAndMaintainThreadName(TestWorker.java:129)
	at org.gradle.api.internal.tasks.testing.worker.TestWorker.execute(TestWorker.java:100)
	at org.gradle.api.internal.tasks.testing.worker.TestWorker.execute(TestWorker.java:60)
	at org.gradle.process.internal.worker.child.ActionExecutionWorker.execute(ActionExecutionWorker.java:56)
	at org.gradle.process.internal.worker.child.SystemApplicationClassLoaderWorker.call(SystemApplicationClassLoaderWorker.java:133)
	at org.gradle.process.internal.worker.child.SystemApplicationClassLoaderWorker.call(SystemApplicationClassLoaderWorker.java:71)
	at worker.org.gradle.process.internal.worker.GradleWorkerMain.run(GradleWorkerMain.java:69)
	at worker.org.gradle.process.internal.worker.GradleWorkerMain.main(GradleWorkerMain.java:74)
</failure>
  </testcase>
  <system-out><![CDATA[?[1;31m
Start test 1?[0m
Scenario 'en' is started.

Hello!

I want to learn about animals.
Which animal do you like most?
> cat
Welcome to the animals expert system!

What do you want to do:

 1. Play the guessing game
 2. List of all animals
 3. Search for an animal
 4. Calculate statistics
 5. Delete an animal
 6. Print the Knowledge Tree
 0. Exit
 > 1
You think of an animal, and I guess it.
Press enter when youre ready.
> 
Is it a cat?
> No
I give up. What animal do you have in mind?
> dog
Specify a fact that distinguishes a dog from a cat:
The sentence should be of the format: It can/has/is ....
> it can climb trees
Is the statement correct for the dog?
]]></system-out>
  <system-err><![CDATA[Mar 07, 2022 5:08:45 PM animals.repository.KnowledgeBaseJackson load
WARNING: The knowledge Tree has not been loaded.
java.io.FileNotFoundException: animals.yaml (The system cannot find the file specified)
	at java.base/java.io.FileInputStream.open0(Native Method)
	at java.base/java.io.FileInputStream.open(FileInputStream.java:216)
	at java.base/java.io.FileInputStream.<init>(FileInputStream.java:157)
	at com.fasterxml.jackson.dataformat.yaml.YAMLFactory.createParser(YAMLFactory.java:343)
	at com.fasterxml.jackson.dataformat.yaml.YAMLFactory.createParser(YAMLFactory.java:14)
	at com.fasterxml.jackson.databind.ObjectMapper.readValue(ObjectMapper.java:3331)
	at animals.repository.KnowledgeBaseJackson.load(KnowledgeBaseJackson.java:27)
	at animals.ui.Application.<init>(Application.java:19)
	at animals.Main.main(Main.java:24)
	at java.base/jdk.internal.reflect.NativeMethodAccessorImpl.invoke0(Native Method)
	at java.base/jdk.internal.reflect.NativeMethodAccessorImpl.invoke(NativeMethodAccessorImpl.java:77)
	at java.base/jdk.internal.reflect.DelegatingMethodAccessorImpl.invoke(DelegatingMethodAccessorImpl.java:43)
	at java.base/java.lang.reflect.Method.invoke(Method.java:568)
	at org.hyperskill.hstest.testing.execution.MainMethodExecutor.invokeMain(MainMethodExecutor.java:172)
	at org.hyperskill.hstest.testing.execution.MainMethodExecutor.lambda$launch$0(MainMethodExecutor.java:199)
	at java.base/java.util.concurrent.Executors$RunnableAdapter.call(Executors.java:539)
	at java.base/java.util.concurrent.FutureTask.run(FutureTask.java:264)
	at java.base/java.util.concurrent.ThreadPoolExecutor.runWorker(ThreadPoolExecutor.java:1136)
	at java.base/java.util.concurrent.ThreadPoolExecutor$Worker.run(ThreadPoolExecutor.java:635)
	at java.base/java.lang.Thread.run(Thread.java:833)

Mar 07, 2022 5:08:45 PM animals.repository.KnowledgeBaseJackson load
INFO: The Knowledge Tree has loaded successful.
]]></system-err>
</testsuite>
